2025-04-09 10:32:00 | WARN | repo=auction | action=commit
2025-04-01 08:57:00 | WARN | repo=auction | action=commit
2025-01-15 08:51:00 | DEBUG | repo=auction | action=commit
2025-05-15 15:52:00 | DEBUG | repo=auction | action=commit
2025-07-01 13:55:00 | WARN | repo=auction | action=commit
2025-06-15 14:33:00 | INFO | repo=auction | action=commit
2025-10-05 19:47:00 | DEBUG | repo=auction | action=edit | files=2
2025-02-02 10:11:00 | INFO | repo=auction | action=pull
2025-10-21 18:10:00 | INFO | repo=auction | action=commit
2025-03-01 15:08:00 | WARN | repo=auction | action=commit
2025-05-10 12:23:00 | DEBUG | repo=auction | action=commit
2025-01-23 20:32:00 | INFO | repo=auction | action=commit
2025-04-12 08:12:00 | INFO | repo=auction | action=commit
2025-08-21 08:44:00 | INFO | repo=auction | action=commit
2025-12-03 16:29:00 | INFO | repo=auction | action=commit
2025-11-28 16:04:00 | WARN | repo=auction | action=commit
2025-03-18 07:32:00 | DEBUG | repo=auction | action=commit
2025-11-13 14:45:00 | WARN | repo=auction | action=pull
2025-10-13 10:34:00 | INFO | repo=auction | action=edit | files=2
2025-04-02 15:54:00 | DEBUG | repo=auction | action=commit
2025-01-17 19:23:00 | INFO | repo=auction | action=commit
2025-09-21 13:25:00 | DEBUG | repo=auction | action=commit
2025-10-02 12:52:00 | DEBUG | repo=auction | action=commit
2025-12-26 10:21:00 | INFO | repo=auction | action=commit
2025-12-05 17:59:00 | INFO | repo=auction | action=commit
